<?xml version="1.0" encoding="UTF-8"?>
<!-- Generated by org.testng.reporters.JUnitXMLReporter -->
<testsuite hostname="GLOENWL-GNJS6C2" name="Android_1" tests="23" failures="2" timestamp="21 Jul 2016 06:07:59 GMT" time="423.245" errors="0">
  <testcase name="verifyDeleteAllMessageText" time="18.471" classname="com.pageTests.HistoryPageTest"/>
  <testcase name="verifyDeleteFunctionality" time="43.527" classname="com.pageTests.HistoryPageTest"/>
  <testcase name="verifyHistoryPageTitleIsDisplayed" time="4.491" classname="com.pageTests.HistoryPageTest"/>
  <testcase name="verifyHistoryPageTitleLabel" time="3.45" classname="com.pageTests.HistoryPageTest"/>
  <testcase name="verifyMultipleDeleteFunctionality" time="43.004" classname="com.pageTests.HistoryPageTest"/>
  <testcase name="verifyNavigationToDetailedPageFromHistory" time="13.939" classname="com.pageTests.HistoryPageTest"/>
  <testcase name="verifyNavigationToHistoryPage" time="4.262" classname="com.pageTests.HistoryPageTest"/>
  <testcase name="verifyWordsAddedIntoHistory" time="43.8" classname="com.pageTests.HistoryPageTest"/>
  <testcase name="navigateToCoreVocabularyPage" time="14.868" classname="com.pageTests.CoreVocabularyPageMobileTest"/>
  <testcase name="verifyAllNineThousandWordsSelected" time="13.19" classname="com.pageTests.CoreVocabularyPageMobileTest"/>
  <testcase name="verifyAllTopSpokenWordsSelected" time="26.015" classname="com.pageTests.CoreVocabularyPageMobileTest">
    <failure type="java.lang.AssertionError" message="expected [absence] but found [null]">
      <![CDATA[java.lang.AssertionError: expected [absence] but found [null]
	at com.pageTests.CoreVocabularyPageMobileTest.verifyAllTopSpokenWordsSelected(CoreVocabularyPageMobileTest.java:159)
... Removed 29 stack frames]]>
    </failure>
  </testcase> <!-- verifyAllTopSpokenWordsSelected -->
  <testcase name="verifyAllTopWrittenWordsSelected" time="10.918" classname="com.pageTests.CoreVocabularyPageMobileTest"/>
  <testcase name="verifyCoreVocabularyLabelName" time="7.326" classname="com.pageTests.CoreVocabularyPageMobileTest"/>
  <testcase name="verifyCoreVocabularyPageTitle" time="7.768" classname="com.pageTests.CoreVocabularyPageMobileTest"/>
  <testcase name="verifyHighFrequencySelected" time="12.187" classname="com.pageTests.CoreVocabularyPageMobileTest"/>
  <testcase name="verifyLowerFrequencySelected" time="13.488" classname="com.pageTests.CoreVocabularyPageMobileTest"/>
  <testcase name="verifyMediumFrequencySelected" time="12.022" classname="com.pageTests.CoreVocabularyPageMobileTest"/>
  <testcase name="verifyTop1000SpokenWordsSelected" time="14.312" classname="com.pageTests.CoreVocabularyPageMobileTest"/>
  <testcase name="verifyTop1000WrittenWordsSelected" time="27.407" classname="com.pageTests.CoreVocabularyPageMobileTest">
    <failure type="java.lang.AssertionError" message="expected [according to] but found [null]">
      <![CDATA[java.lang.AssertionError: expected [according to] but found [null]
	at com.pageTests.CoreVocabularyPageMobileTest.verifyTop1000WrittenWordsSelected(CoreVocabularyPageMobileTest.java:248)
... Removed 29 stack frames]]>
    </failure>
  </testcase> <!-- verifyTop1000WrittenWordsSelected -->
  <testcase name="verifyTop2000SpokenWordsSelected" time="10.34" classname="com.pageTests.CoreVocabularyPageMobileTest"/>
  <testcase name="verifyTop2000WrittenWordsSelected" time="13.877" classname="com.pageTests.CoreVocabularyPageMobileTest"/>
  <testcase name="verifyTop3000SpokenWordsSelected" time="12.777" classname="com.pageTests.CoreVocabularyPageMobileTest"/>
  <testcase name="verifyTop3000WrittenWordsSelected" time="12.144" classname="com.pageTests.CoreVocabularyPageMobileTest"/>
</testsuite> <!-- Android_1 -->
