<?xml version="1.0" encoding="UTF-8"?>
<testng-results skipped="0" failed="4" total="16" passed="12">
  <reporter-output>
  </reporter-output>
  <suite name="Default suite" duration-ms="178795" started-at="2016-07-20T12:23:25Z" finished-at="2016-07-20T12:26:24Z">
    <groups>
    </groups>
    <test name="Default test" duration-ms="178795" started-at="2016-07-20T12:23:25Z" finished-at="2016-07-20T12:26:24Z">
      <class name="com.pageTests.AboutThisAppPageTest">
        <test-method status="PASS" signature="openTheLongmanApp()[pri:0, instance:com.pageTests.AboutThisAppPageTest@6e06451e]" name="openTheLongmanApp" is-config="true" duration-ms="9045" started-at="2016-07-20T17:53:25Z" finished-at="2016-07-20T17:53:35Z">
          <reporter-output>
          </reporter-output>
        </test-method> <!-- openTheLongmanApp -->
        <test-method status="PASS" signature="verifyAboutThisAppLabelName()[pri:0, instance:com.pageTests.AboutThisAppPageTest@6e06451e]" name="verifyAboutThisAppLabelName" duration-ms="10963" started-at="2016-07-20T17:53:35Z" finished-at="2016-07-20T17:53:45Z">
          <reporter-output>
          </reporter-output>
        </test-method> <!-- verifyAboutThisAppLabelName -->
        <test-method status="PASS" signature="verifyAboutThisAppLinkDisplayed()[pri:0, instance:com.pageTests.AboutThisAppPageTest@6e06451e]" name="verifyAboutThisAppLinkDisplayed" duration-ms="6631" started-at="2016-07-20T17:53:45Z" finished-at="2016-07-20T17:53:52Z">
          <reporter-output>
          </reporter-output>
        </test-method> <!-- verifyAboutThisAppLinkDisplayed -->
        <test-method status="FAIL" signature="verifyAboutThisAppSubLinksCount()[pri:0, instance:com.pageTests.AboutThisAppPageTest@6e06451e]" name="verifyAboutThisAppSubLinksCount" duration-ms="7844" started-at="2016-07-20T17:53:52Z" finished-at="2016-07-20T17:54:00Z">
          <exception class="java.lang.AssertionError">
            <message>
              <![CDATA[expected [10] but found [9]]]>
            </message>
            <full-stacktrace>
              <![CDATA[java.lang.AssertionError: expected [10] but found [9]
	at org.testng.Assert.fail(Assert.java:94)
	at org.testng.Assert.failNotEquals(Assert.java:494)
	at org.testng.Assert.assertEquals(Assert.java:123)
	at org.testng.Assert.assertEquals(Assert.java:370)
	at org.testng.Assert.assertEquals(Assert.java:380)
	at com.pageTests.AboutThisAppPageTest.verifyAboutThisAppSubLinksCount(AboutThisAppPageTest.java:58)
	at sun.reflect.NativeMethodAccessorImpl.invoke0(Native Method)
	at sun.reflect.NativeMethodAccessorImpl.invoke(Unknown Source)
	at sun.reflect.DelegatingMethodAccessorImpl.invoke(Unknown Source)
	at java.lang.reflect.Method.invoke(Unknown Source)
	at org.testng.internal.MethodInvocationHelper.invokeMethod(MethodInvocationHelper.java:80)
	at org.testng.internal.Invoker.invokeMethod(Invoker.java:714)
	at org.testng.internal.Invoker.invokeTestMethod(Invoker.java:901)
	at org.testng.internal.Invoker.invokeTestMethods(Invoker.java:1231)
	at org.testng.internal.TestMethodWorker.invokeTestMethods(TestMethodWorker.java:127)
	at org.testng.internal.TestMethodWorker.run(TestMethodWorker.java:111)
	at org.testng.TestRunner.privateRun(TestRunner.java:767)
	at org.testng.TestRunner.run(TestRunner.java:617)
	at org.testng.SuiteRunner.runTest(SuiteRunner.java:334)
	at org.testng.SuiteRunner.runSequentially(SuiteRunner.java:329)
	at org.testng.SuiteRunner.privateRun(SuiteRunner.java:291)
	at org.testng.SuiteRunner.run(SuiteRunner.java:240)
	at org.testng.SuiteRunnerWorker.runSuite(SuiteRunnerWorker.java:52)
	at org.testng.SuiteRunnerWorker.run(SuiteRunnerWorker.java:86)
	at org.testng.TestNG.runSuitesSequentially(TestNG.java:1198)
	at org.testng.TestNG.runSuitesLocally(TestNG.java:1123)
	at org.testng.TestNG.run(TestNG.java:1031)
	at org.testng.remote.AbstractRemoteTestNG.run(AbstractRemoteTestNG.java:126)
	at org.testng.remote.RemoteTestNG.initAndRun(RemoteTestNG.java:137)
	at org.testng.remote.RemoteTestNG.main(RemoteTestNG.java:58)
]]>
            </full-stacktrace>
          </exception> <!-- java.lang.AssertionError -->
          <reporter-output>
          </reporter-output>
        </test-method> <!-- verifyAboutThisAppSubLinksCount -->
        <test-method status="FAIL" signature="verifyAboutThisAppSubLinksPresence()[pri:0, instance:com.pageTests.AboutThisAppPageTest@6e06451e]" name="verifyAboutThisAppSubLinksPresence" duration-ms="7816" started-at="2016-07-20T17:54:00Z" finished-at="2016-07-20T17:54:08Z">
          <exception class="java.lang.AssertionError">
            <message>
              <![CDATA[About This App options are missing expected [true] but found [false]]]>
            </message>
            <full-stacktrace>
              <![CDATA[java.lang.AssertionError: About This App options are missing expected [true] but found [false]
	at org.testng.Assert.fail(Assert.java:94)
	at org.testng.Assert.failNotEquals(Assert.java:494)
	at org.testng.Assert.assertTrue(Assert.java:42)
	at com.pageTests.AboutThisAppPageTest.verifyAboutThisAppSubLinksPresence(AboutThisAppPageTest.java:71)
	at sun.reflect.NativeMethodAccessorImpl.invoke0(Native Method)
	at sun.reflect.NativeMethodAccessorImpl.invoke(Unknown Source)
	at sun.reflect.DelegatingMethodAccessorImpl.invoke(Unknown Source)
	at java.lang.reflect.Method.invoke(Unknown Source)
	at org.testng.internal.MethodInvocationHelper.invokeMethod(MethodInvocationHelper.java:80)
	at org.testng.internal.Invoker.invokeMethod(Invoker.java:714)
	at org.testng.internal.Invoker.invokeTestMethod(Invoker.java:901)
	at org.testng.internal.Invoker.invokeTestMethods(Invoker.java:1231)
	at org.testng.internal.TestMethodWorker.invokeTestMethods(TestMethodWorker.java:127)
	at org.testng.internal.TestMethodWorker.run(TestMethodWorker.java:111)
	at org.testng.TestRunner.privateRun(TestRunner.java:767)
	at org.testng.TestRunner.run(TestRunner.java:617)
	at org.testng.SuiteRunner.runTest(SuiteRunner.java:334)
	at org.testng.SuiteRunner.runSequentially(SuiteRunner.java:329)
	at org.testng.SuiteRunner.privateRun(SuiteRunner.java:291)
	at org.testng.SuiteRunner.run(SuiteRunner.java:240)
	at org.testng.SuiteRunnerWorker.runSuite(SuiteRunnerWorker.java:52)
	at org.testng.SuiteRunnerWorker.run(SuiteRunnerWorker.java:86)
	at org.testng.TestNG.runSuitesSequentially(TestNG.java:1198)
	at org.testng.TestNG.runSuitesLocally(TestNG.java:1123)
	at org.testng.TestNG.run(TestNG.java:1031)
	at org.testng.remote.AbstractRemoteTestNG.run(AbstractRemoteTestNG.java:126)
	at org.testng.remote.RemoteTestNG.initAndRun(RemoteTestNG.java:137)
	at org.testng.remote.RemoteTestNG.main(RemoteTestNG.java:58)
]]>
            </full-stacktrace>
          </exception> <!-- java.lang.AssertionError -->
          <reporter-output>
          </reporter-output>
        </test-method> <!-- verifyAboutThisAppSubLinksPresence -->
        <test-method status="FAIL" signature="verifyAcademicWordListLinkClickable()[pri:0, instance:com.pageTests.AboutThisAppPageTest@6e06451e]" name="verifyAcademicWordListLinkClickable" duration-ms="21944" started-at="2016-07-20T17:54:08Z" finished-at="2016-07-20T17:54:30Z">
          <exception class="java.lang.AssertionError">
            <message>
              <![CDATA[expected [true] but found [false]]]>
            </message>
            <full-stacktrace>
              <![CDATA[java.lang.AssertionError: expected [true] but found [false]
	at org.testng.Assert.fail(Assert.java:94)
	at org.testng.Assert.failNotEquals(Assert.java:494)
	at org.testng.Assert.assertTrue(Assert.java:42)
	at org.testng.Assert.assertTrue(Assert.java:52)
	at com.pageTests.AboutThisAppPageTest.verifyAcademicWordListLinkClickable(AboutThisAppPageTest.java:131)
	at sun.reflect.NativeMethodAccessorImpl.invoke0(Native Method)
	at sun.reflect.NativeMethodAccessorImpl.invoke(Unknown Source)
	at sun.reflect.DelegatingMethodAccessorImpl.invoke(Unknown Source)
	at java.lang.reflect.Method.invoke(Unknown Source)
	at org.testng.internal.MethodInvocationHelper.invokeMethod(MethodInvocationHelper.java:80)
	at org.testng.internal.Invoker.invokeMethod(Invoker.java:714)
	at org.testng.internal.Invoker.invokeTestMethod(Invoker.java:901)
	at org.testng.internal.Invoker.invokeTestMethods(Invoker.java:1231)
	at org.testng.internal.TestMethodWorker.invokeTestMethods(TestMethodWorker.java:127)
	at org.testng.internal.TestMethodWorker.run(TestMethodWorker.java:111)
	at org.testng.TestRunner.privateRun(TestRunner.java:767)
	at org.testng.TestRunner.run(TestRunner.java:617)
	at org.testng.SuiteRunner.runTest(SuiteRunner.java:334)
	at org.testng.SuiteRunner.runSequentially(SuiteRunner.java:329)
	at org.testng.SuiteRunner.privateRun(SuiteRunner.java:291)
	at org.testng.SuiteRunner.run(SuiteRunner.java:240)
	at org.testng.SuiteRunnerWorker.runSuite(SuiteRunnerWorker.java:52)
	at org.testng.SuiteRunnerWorker.run(SuiteRunnerWorker.java:86)
	at org.testng.TestNG.runSuitesSequentially(TestNG.java:1198)
	at org.testng.TestNG.runSuitesLocally(TestNG.java:1123)
	at org.testng.TestNG.run(TestNG.java:1031)
	at org.testng.remote.AbstractRemoteTestNG.run(AbstractRemoteTestNG.java:126)
	at org.testng.remote.RemoteTestNG.initAndRun(RemoteTestNG.java:137)
	at org.testng.remote.RemoteTestNG.main(RemoteTestNG.java:58)
]]>
            </full-stacktrace>
          </exception> <!-- java.lang.AssertionError -->
          <reporter-output>
          </reporter-output>
        </test-method> <!-- verifyAcademicWordListLinkClickable -->
        <test-method status="PASS" signature="verifyAcknowledgementsLinkClickable()[pri:0, instance:com.pageTests.AboutThisAppPageTest@6e06451e]" name="verifyAcknowledgementsLinkClickable" duration-ms="8466" started-at="2016-07-20T17:54:30Z" finished-at="2016-07-20T17:54:38Z">
          <reporter-output>
          </reporter-output>
        </test-method> <!-- verifyAcknowledgementsLinkClickable -->
        <test-method status="PASS" signature="verifyCopyrightLinkClickable()[pri:0, instance:com.pageTests.AboutThisAppPageTest@6e06451e]" name="verifyCopyrightLinkClickable" duration-ms="8862" started-at="2016-07-20T17:54:38Z" finished-at="2016-07-20T17:54:47Z">
          <reporter-output>
          </reporter-output>
        </test-method> <!-- verifyCopyrightLinkClickable -->
        <test-method status="PASS" signature="verifyEmailSupportLinkClickable()[pri:0, instance:com.pageTests.AboutThisAppPageTest@6e06451e]" name="verifyEmailSupportLinkClickable" duration-ms="8850" started-at="2016-07-20T17:54:47Z" finished-at="2016-07-20T17:54:56Z">
          <reporter-output>
          </reporter-output>
        </test-method> <!-- verifyEmailSupportLinkClickable -->
        <test-method status="PASS" signature="verifyGrammarCodesAndPatternsLinkClickable()[pri:0, instance:com.pageTests.AboutThisAppPageTest@6e06451e]" name="verifyGrammarCodesAndPatternsLinkClickable" duration-ms="9747" started-at="2016-07-20T17:54:56Z" finished-at="2016-07-20T17:55:06Z">
          <reporter-output>
          </reporter-output>
        </test-method> <!-- verifyGrammarCodesAndPatternsLinkClickable -->
        <test-method status="PASS" signature="verifyNavigationToAboutThisAppPage()[pri:0, instance:com.pageTests.AboutThisAppPageTest@6e06451e]" name="verifyNavigationToAboutThisAppPage" duration-ms="7938" started-at="2016-07-20T17:55:06Z" finished-at="2016-07-20T17:55:14Z">
          <reporter-output>
          </reporter-output>
        </test-method> <!-- verifyNavigationToAboutThisAppPage -->
        <test-method status="FAIL" signature="verifyPronunciationTableLinkClickable()[pri:0, instance:com.pageTests.AboutThisAppPageTest@6e06451e]" name="verifyPronunciationTableLinkClickable" duration-ms="23270" started-at="2016-07-20T17:55:14Z" finished-at="2016-07-20T17:55:37Z">
          <exception class="java.lang.AssertionError">
            <message>
              <![CDATA[expected [true] but found [false]]]>
            </message>
            <full-stacktrace>
              <![CDATA[java.lang.AssertionError: expected [true] but found [false]
	at org.testng.Assert.fail(Assert.java:94)
	at org.testng.Assert.failNotEquals(Assert.java:494)
	at org.testng.Assert.assertTrue(Assert.java:42)
	at org.testng.Assert.assertTrue(Assert.java:52)
	at com.pageTests.AboutThisAppPageTest.verifyPronunciationTableLinkClickable(AboutThisAppPageTest.java:95)
	at sun.reflect.NativeMethodAccessorImpl.invoke0(Native Method)
	at sun.reflect.NativeMethodAccessorImpl.invoke(Unknown Source)
	at sun.reflect.DelegatingMethodAccessorImpl.invoke(Unknown Source)
	at java.lang.reflect.Method.invoke(Unknown Source)
	at org.testng.internal.MethodInvocationHelper.invokeMethod(MethodInvocationHelper.java:80)
	at org.testng.internal.Invoker.invokeMethod(Invoker.java:714)
	at org.testng.internal.Invoker.invokeTestMethod(Invoker.java:901)
	at org.testng.internal.Invoker.invokeTestMethods(Invoker.java:1231)
	at org.testng.internal.TestMethodWorker.invokeTestMethods(TestMethodWorker.java:127)
	at org.testng.internal.TestMethodWorker.run(TestMethodWorker.java:111)
	at org.testng.TestRunner.privateRun(TestRunner.java:767)
	at org.testng.TestRunner.run(TestRunner.java:617)
	at org.testng.SuiteRunner.runTest(SuiteRunner.java:334)
	at org.testng.SuiteRunner.runSequentially(SuiteRunner.java:329)
	at org.testng.SuiteRunner.privateRun(SuiteRunner.java:291)
	at org.testng.SuiteRunner.run(SuiteRunner.java:240)
	at org.testng.SuiteRunnerWorker.runSuite(SuiteRunnerWorker.java:52)
	at org.testng.SuiteRunnerWorker.run(SuiteRunnerWorker.java:86)
	at org.testng.TestNG.runSuitesSequentially(TestNG.java:1198)
	at org.testng.TestNG.runSuitesLocally(TestNG.java:1123)
	at org.testng.TestNG.run(TestNG.java:1031)
	at org.testng.remote.AbstractRemoteTestNG.run(AbstractRemoteTestNG.java:126)
	at org.testng.remote.RemoteTestNG.initAndRun(RemoteTestNG.java:137)
	at org.testng.remote.RemoteTestNG.main(RemoteTestNG.java:58)
]]>
            </full-stacktrace>
          </exception> <!-- java.lang.AssertionError -->
          <reporter-output>
          </reporter-output>
        </test-method> <!-- verifyPronunciationTableLinkClickable -->
        <test-method status="PASS" signature="verifyShortFormsAndLabelsLinkClickable()[pri:0, instance:com.pageTests.AboutThisAppPageTest@6e06451e]" name="verifyShortFormsAndLabelsLinkClickable" duration-ms="8178" started-at="2016-07-20T17:55:37Z" finished-at="2016-07-20T17:55:45Z">
          <reporter-output>
          </reporter-output>
        </test-method> <!-- verifyShortFormsAndLabelsLinkClickable -->
        <test-method status="PASS" signature="verifyTellAFriendLinkClickable()[pri:0, instance:com.pageTests.AboutThisAppPageTest@6e06451e]" name="verifyTellAFriendLinkClickable" duration-ms="9679" started-at="2016-07-20T17:55:45Z" finished-at="2016-07-20T17:55:55Z">
          <reporter-output>
          </reporter-output>
        </test-method> <!-- verifyTellAFriendLinkClickable -->
        <test-method status="PASS" signature="verifyTutorialLinkClickable()[pri:0, instance:com.pageTests.AboutThisAppPageTest@6e06451e]" name="verifyTutorialLinkClickable" duration-ms="8736" started-at="2016-07-20T17:55:55Z" finished-at="2016-07-20T17:56:03Z">
          <reporter-output>
          </reporter-output>
        </test-method> <!-- verifyTutorialLinkClickable -->
        <test-method status="PASS" signature="verifyWelcomeLongmanSubLinks()[pri:0, instance:com.pageTests.AboutThisAppPageTest@6e06451e]" name="verifyWelcomeLongmanSubLinks" duration-ms="10259" started-at="2016-07-20T17:56:03Z" finished-at="2016-07-20T17:56:14Z">
          <reporter-output>
          </reporter-output>
        </test-method> <!-- verifyWelcomeLongmanSubLinks -->
        <test-method status="PASS" signature="verifyWelcomeToLongmanLinkClickable()[pri:0, instance:com.pageTests.AboutThisAppPageTest@6e06451e]" name="verifyWelcomeToLongmanLinkClickable" duration-ms="9585" started-at="2016-07-20T17:56:14Z" finished-at="2016-07-20T17:56:23Z">
          <reporter-output>
          </reporter-output>
        </test-method> <!-- verifyWelcomeToLongmanLinkClickable -->
        <test-method status="PASS" signature="closeTheApp()[pri:0, instance:com.pageTests.AboutThisAppPageTest@6e06451e]" name="closeTheApp" is-config="true" duration-ms="894" started-at="2016-07-20T17:56:23Z" finished-at="2016-07-20T17:56:24Z">
          <reporter-output>
          </reporter-output>
        </test-method> <!-- closeTheApp -->
      </class> <!-- com.pageTests.AboutThisAppPageTest -->
    </test> <!-- Default test -->
  </suite> <!-- Default suite -->
</testng-results>
