<?xml version="1.0" encoding="UTF-8"?>
<!-- Generated by org.testng.reporters.JUnitReportReporter -->
<testsuite hostname="GLOENWL-GNJS6C2" name="com.pageTests.CoreVocabularyPageMobileTest" tests="15" failures="0" timestamp="21 Jul 2016 06:07:59 GMT" time="208.639" errors="2">
  <testcase name="verifyTop2000WrittenWordsSelected" time="13.877" classname="com.pageTests.CoreVocabularyPageMobileTest"/>
  <testcase name="verifyCoreVocabularyLabelName" time="7.326" classname="com.pageTests.CoreVocabularyPageMobileTest"/>
  <testcase name="verifyTop3000WrittenWordsSelected" time="12.144" classname="com.pageTests.CoreVocabularyPageMobileTest"/>
  <testcase name="navigateToCoreVocabularyPage" time="14.868" classname="com.pageTests.CoreVocabularyPageMobileTest"/>
  <testcase name="verifyLowerFrequencySelected" time="13.488" classname="com.pageTests.CoreVocabularyPageMobileTest"/>
  <testcase name="verifyTop1000SpokenWordsSelected" time="14.312" classname="com.pageTests.CoreVocabularyPageMobileTest"/>
  <testcase name="verifyTop2000SpokenWordsSelected" time="10.340" classname="com.pageTests.CoreVocabularyPageMobileTest"/>
  <testcase name="verifyMediumFrequencySelected" time="12.022" classname="com.pageTests.CoreVocabularyPageMobileTest"/>
  <testcase name="verifyTop3000SpokenWordsSelected" time="12.777" classname="com.pageTests.CoreVocabularyPageMobileTest"/>
  <testcase name="verifyHighFrequencySelected" time="12.187" classname="com.pageTests.CoreVocabularyPageMobileTest"/>
  <testcase name="verifyAllNineThousandWordsSelected" time="13.190" classname="com.pageTests.CoreVocabularyPageMobileTest"/>
  <testcase name="verifyTop1000WrittenWordsSelected" time="27.407" classname="com.pageTests.CoreVocabularyPageMobileTest">
    <error type="java.lang.AssertionError" message="expected [according to] but found [null]">
      <![CDATA[java.lang.AssertionError: expected [according to] but found [null]
	at org.testng.Assert.fail(Assert.java:94)
	at org.testng.Assert.failNotEquals(Assert.java:494)
	at org.testng.Assert.assertEquals(Assert.java:123)
	at org.testng.Assert.assertEquals(Assert.java:176)
	at org.testng.Assert.assertEquals(Assert.java:186)
	at com.pageTests.CoreVocabularyPageMobileTest.verifyTop1000WrittenWordsSelected(CoreVocabularyPageMobileTest.java:248)
	at sun.reflect.NativeMethodAccessorImpl.invoke0(Native Method)
	at sun.reflect.NativeMethodAccessorImpl.invoke(Unknown Source)
	at sun.reflect.DelegatingMethodAccessorImpl.invoke(Unknown Source)
	at java.lang.reflect.Method.invoke(Unknown Source)
	at org.testng.internal.MethodInvocationHelper.invokeMethod(MethodInvocationHelper.java:80)
	at org.testng.internal.Invoker.invokeMethod(Invoker.java:714)
	at org.testng.internal.Invoker.invokeTestMethod(Invoker.java:901)
	at org.testng.internal.Invoker.invokeTestMethods(Invoker.java:1231)
	at org.testng.internal.TestMethodWorker.invokeTestMethods(TestMethodWorker.java:127)
	at org.testng.internal.TestMethodWorker.run(TestMethodWorker.java:111)
	at org.testng.TestRunner.privateRun(TestRunner.java:767)
	at org.testng.TestRunner.run(TestRunner.java:617)
	at org.testng.SuiteRunner.runTest(SuiteRunner.java:334)
	at org.testng.SuiteRunner.runSequentially(SuiteRunner.java:329)
	at org.testng.SuiteRunner.privateRun(SuiteRunner.java:291)
	at org.testng.SuiteRunner.run(SuiteRunner.java:240)
	at org.testng.SuiteRunnerWorker.runSuite(SuiteRunnerWorker.java:52)
	at org.testng.SuiteRunnerWorker.run(SuiteRunnerWorker.java:86)
	at org.testng.TestNG.runSuitesSequentially(TestNG.java:1198)
	at org.testng.TestNG.runSuitesLocally(TestNG.java:1123)
	at org.testng.TestNG.run(TestNG.java:1031)
	at org.testng.remote.AbstractRemoteTestNG.run(AbstractRemoteTestNG.java:126)
	at org.testng.remote.RemoteTestNG.initAndRun(RemoteTestNG.java:137)
	at org.testng.remote.RemoteTestNG.main(RemoteTestNG.java:58)
]]>
    </error>
  </testcase> <!-- verifyTop1000WrittenWordsSelected -->
  <testcase name="verifyAllTopSpokenWordsSelected" time="26.015" classname="com.pageTests.CoreVocabularyPageMobileTest">
    <error type="java.lang.AssertionError" message="expected [absence] but found [null]">
      <![CDATA[java.lang.AssertionError: expected [absence] but found [null]
	at org.testng.Assert.fail(Assert.java:94)
	at org.testng.Assert.failNotEquals(Assert.java:494)
	at org.testng.Assert.assertEquals(Assert.java:123)
	at org.testng.Assert.assertEquals(Assert.java:176)
	at org.testng.Assert.assertEquals(Assert.java:186)
	at com.pageTests.CoreVocabularyPageMobileTest.verifyAllTopSpokenWordsSelected(CoreVocabularyPageMobileTest.java:159)
	at sun.reflect.NativeMethodAccessorImpl.invoke0(Native Method)
	at sun.reflect.NativeMethodAccessorImpl.invoke(Unknown Source)
	at sun.reflect.DelegatingMethodAccessorImpl.invoke(Unknown Source)
	at java.lang.reflect.Method.invoke(Unknown Source)
	at org.testng.internal.MethodInvocationHelper.invokeMethod(MethodInvocationHelper.java:80)
	at org.testng.internal.Invoker.invokeMethod(Invoker.java:714)
	at org.testng.internal.Invoker.invokeTestMethod(Invoker.java:901)
	at org.testng.internal.Invoker.invokeTestMethods(Invoker.java:1231)
	at org.testng.internal.TestMethodWorker.invokeTestMethods(TestMethodWorker.java:127)
	at org.testng.internal.TestMethodWorker.run(TestMethodWorker.java:111)
	at org.testng.TestRunner.privateRun(TestRunner.java:767)
	at org.testng.TestRunner.run(TestRunner.java:617)
	at org.testng.SuiteRunner.runTest(SuiteRunner.java:334)
	at org.testng.SuiteRunner.runSequentially(SuiteRunner.java:329)
	at org.testng.SuiteRunner.privateRun(SuiteRunner.java:291)
	at org.testng.SuiteRunner.run(SuiteRunner.java:240)
	at org.testng.SuiteRunnerWorker.runSuite(SuiteRunnerWorker.java:52)
	at org.testng.SuiteRunnerWorker.run(SuiteRunnerWorker.java:86)
	at org.testng.TestNG.runSuitesSequentially(TestNG.java:1198)
	at org.testng.TestNG.runSuitesLocally(TestNG.java:1123)
	at org.testng.TestNG.run(TestNG.java:1031)
	at org.testng.remote.AbstractRemoteTestNG.run(AbstractRemoteTestNG.java:126)
	at org.testng.remote.RemoteTestNG.initAndRun(RemoteTestNG.java:137)
	at org.testng.remote.RemoteTestNG.main(RemoteTestNG.java:58)
]]>
    </error>
  </testcase> <!-- verifyAllTopSpokenWordsSelected -->
  <testcase name="verifyCoreVocabularyPageTitle" time="7.768" classname="com.pageTests.CoreVocabularyPageMobileTest"/>
  <testcase name="verifyAllTopWrittenWordsSelected" time="10.918" classname="com.pageTests.CoreVocabularyPageMobileTest"/>
</testsuite> <!-- com.pageTests.CoreVocabularyPageMobileTest -->
